<?xml version="1.0" encoding="UTF-8"?>
<!-- Generated by org.testng.reporters.JUnitReportReporter -->
<testsuite skipped="9" hostname="DESKTOP-7DU7JQS" name="com.vcentry.lab.testCases.CheckOutPageValidator" tests="11" failures="0" timestamp="20 Mar 2023 13:52:24 GMT" time="177.429" errors="2">
  <testcase name="validateCheckoutPage" time="150.008" classname="com.vcentry.lab.testCases.CheckOutPageValidator">
    <error type="org.openqa.selenium.TimeoutException" message="TimedPromise timed out after 30000 ms
Build info: version: &#039;4.3.0&#039;, revision: &#039;a4995e2c09*&#039;
System info: host: &#039;DESKTOP-7DU7JQS&#039;, ip: &#039;192.168.1.6&#039;, os.name: &#039;Windows 10&#039;, os.arch: &#039;amd64&#039;, os.version: &#039;10.0&#039;, java.version: &#039;1.8.0_291&#039;
Driver info: org.openqa.selenium.firefox.FirefoxDriver
Command: [dd080056-b8b0-4fcf-9ef7-0ed3dc60b676, get {url=https://djangovinoth.pythonanywhere.com/login/}]
Capabilities {acceptInsecureCerts: true, browserName: firefox, browserVersion: 111.0, moz:accessibilityChecks: false, moz:buildID: 20230309232128, moz:debuggerAddress: 127.0.0.1:64256, moz:geckodriverVersion: 0.32.2, moz:headless: false, moz:platformVersion: 10.0, moz:processID: 6428, moz:profile: C:\Users\RAHUL\AppData\Loca..., moz:shutdownTimeout: 60000, moz:useNonSpecCompliantPointerOrigin: false, moz:webdriverClick: true, moz:windowless: false, pageLoadStrategy: normal, platformName: WINDOWS, proxy: Proxy(), se:cdp: ws://127.0.0.1:64256/devtoo..., se:cdpVersion: 85.0, setWindowRect: true, strictFileInteractability: false, timeouts: {implicit: 0, pageLoad: 300000, script: 30000}, unhandledPromptBehavior: dismiss and notify}
Session ID: dd080056-b8b0-4fcf-9ef7-0ed3dc60b676">
      <![CDATA[org.openqa.selenium.TimeoutException: TimedPromise timed out after 30000 msBuild info: version: '4.3.0', revision: 'a4995e2c09*'System info: host: 'DESKTOP-7DU7JQS', ip: '192.168.1.6', os.name: 'Windows 10', os.arch: 'amd64', os.version: '10.0', java.version: '1.8.0_291'Driver info: org.openqa.selenium.firefox.FirefoxDriverCommand: [dd080056-b8b0-4fcf-9ef7-0ed3dc60b676, get {url=https://djangovinoth.pythonanywhere.com/login/}]Capabilities {acceptInsecureCerts: true, browserName: firefox, browserVersion: 111.0, moz:accessibilityChecks: false, moz:buildID: 20230309232128, moz:debuggerAddress: 127.0.0.1:64256, moz:geckodriverVersion: 0.32.2, moz:headless: false, moz:platformVersion: 10.0, moz:processID: 6428, moz:profile: C:\Users\RAHUL\AppData\Loca..., moz:shutdownTimeout: 60000, moz:useNonSpecCompliantPointerOrigin: false, moz:webdriverClick: true, moz:windowless: false, pageLoadStrategy: normal, platformName: WINDOWS, proxy: Proxy(), se:cdp: ws://127.0.0.1:64256/devtoo..., se:cdpVersion: 85.0, setWindowRect: true, strictFileInteractability: false, timeouts: {implicit: 0, pageLoad: 300000, script: 30000}, unhandledPromptBehavior: dismiss and notify}Session ID: dd080056-b8b0-4fcf-9ef7-0ed3dc60b676at sun.reflect.NativeConstructorAccessorImpl.newInstance0(Native Method)at sun.reflect.NativeConstructorAccessorImpl.newInstance(Unknown Source)at sun.reflect.DelegatingConstructorAccessorImpl.newInstance(Unknown Source)at java.lang.reflect.Constructor.newInstance(Unknown Source)at org.openqa.selenium.remote.codec.w3c.W3CHttpResponseCodec.createException(W3CHttpResponseCodec.java:200)at org.openqa.selenium.remote.codec.w3c.W3CHttpResponseCodec.decode(W3CHttpResponseCodec.java:133)at org.openqa.selenium.remote.codec.w3c.W3CHttpResponseCodec.decode(W3CHttpResponseCodec.java:53)at org.openqa.selenium.remote.HttpCommandExecutor.execute(HttpCommandExecutor.java:184)at org.openqa.selenium.remote.service.DriverCommandExecutor.invokeExecute(DriverCommandExecutor.java:167)at org.openqa.selenium.remote.service.DriverCommandExecutor.execute(DriverCommandExecutor.java:142)at org.openqa.selenium.remote.RemoteWebDriver.execute(RemoteWebDriver.java:569)at org.openqa.selenium.remote.RemoteWebDriver.get(RemoteWebDriver.java:332)at com.vcentry.lab.testCases.CheckOutPageValidator.validateCheckoutPage(CheckOutPageValidator.java:42)at sun.reflect.NativeMethodAccessorImpl.invoke0(Native Method)at sun.reflect.NativeMethodAccessorImpl.invoke(Unknown Source)at sun.reflect.DelegatingMethodAccessorImpl.invoke(Unknown Source)at java.lang.reflect.Method.invoke(Unknown Source)at org.testng.internal.MethodInvocationHelper.invokeMethod(MethodInvocationHelper.java:124)at org.testng.internal.Invoker.invokeMethod(Invoker.java:571)at org.testng.internal.Invoker.invokeTestMethod(Invoker.java:707)at org.testng.internal.Invoker.invokeTestMethods(Invoker.java:979)at org.testng.internal.TestMethodWorker.invokeTestMethods(TestMethodWorker.java:125)at org.testng.internal.TestMethodWorker.run(TestMethodWorker.java:109)at org.testng.TestRunner.privateRun(TestRunner.java:648)at org.testng.TestRunner.run(TestRunner.java:505)at org.testng.SuiteRunner.runTest(SuiteRunner.java:455)at org.testng.SuiteRunner.runSequentially(SuiteRunner.java:450)at org.testng.SuiteRunner.privateRun(SuiteRunner.java:415)at org.testng.SuiteRunner.run(SuiteRunner.java:364)at org.testng.SuiteRunnerWorker.runSuite(SuiteRunnerWorker.java:52)at org.testng.SuiteRunnerWorker.run(SuiteRunnerWorker.java:84)at org.testng.TestNG.runSuitesSequentially(TestNG.java:1187)at org.testng.TestNG.runSuitesLocally(TestNG.java:1116)at org.testng.TestNG.runSuites(TestNG.java:1028)at org.testng.TestNG.run(TestNG.java:996)at org.testng.remote.AbstractRemoteTestNG.run(AbstractRemoteTestNG.java:114)at org.testng.remote.RemoteTestNG.initAndRun(RemoteTestNG.java:251)at org.testng.remote.RemoteTestNG.main(RemoteTestNG.java:77)]]>
    </error>
  </testcase> <!-- validateCheckoutPage -->
  <testcase name="validateCheckoutPage" time="0.000" classname="com.vcentry.lab.testCases.CheckOutPageValidator">
    <skipped/>
  </testcase> <!-- validateCheckoutPage -->
  <testcase name="validateCheckoutPage" time="0.000" classname="com.vcentry.lab.testCases.CheckOutPageValidator">
    <skipped/>
  </testcase> <!-- validateCheckoutPage -->
  <testcase name="validateCheckoutPage" time="0.000" classname="com.vcentry.lab.testCases.CheckOutPageValidator">
    <skipped/>
  </testcase> <!-- validateCheckoutPage -->
  <testcase name="validateCheckoutPage" time="0.000" classname="com.vcentry.lab.testCases.CheckOutPageValidator">
    <skipped/>
  </testcase> <!-- validateCheckoutPage -->
  <testcase name="validateCheckoutPage" time="0.000" classname="com.vcentry.lab.testCases.CheckOutPageValidator">
    <skipped/>
  </testcase> <!-- validateCheckoutPage -->
  <testcase name="validateCheckoutPage" time="0.000" classname="com.vcentry.lab.testCases.CheckOutPageValidator">
    <skipped/>
  </testcase> <!-- validateCheckoutPage -->
  <testcase name="validateCheckoutPage" time="0.000" classname="com.vcentry.lab.testCases.CheckOutPageValidator">
    <skipped/>
  </testcase> <!-- validateCheckoutPage -->
  <testcase name="validateCheckoutPage" time="0.000" classname="com.vcentry.lab.testCases.CheckOutPageValidator">
    <skipped/>
  </testcase> <!-- validateCheckoutPage -->
  <testcase name="validateCheckoutPage" time="0.000" classname="com.vcentry.lab.testCases.CheckOutPageValidator">
    <skipped/>
  </testcase> <!-- validateCheckoutPage -->
  <testcase name="tearDown" time="27.421" classname="com.vcentry.lab.testCases.CheckOutPageValidator">
    <error type="java.lang.NullPointerException">
      <![CDATA[java.lang.NullPointerExceptionat com.vcentry.lab.pages.HomePage.clickLogOut(HomePage.java:14)at com.vcentry.lab.testCases.CheckOutPageValidator.tearDown(CheckOutPageValidator.java:112)at sun.reflect.NativeMethodAccessorImpl.invoke0(Native Method)at sun.reflect.NativeMethodAccessorImpl.invoke(Unknown Source)at sun.reflect.DelegatingMethodAccessorImpl.invoke(Unknown Source)at java.lang.reflect.Method.invoke(Unknown Source)at org.testng.internal.MethodInvocationHelper.invokeMethod(MethodInvocationHelper.java:124)at org.testng.internal.MethodInvocationHelper.invokeMethodConsideringTimeout(MethodInvocationHelper.java:59)at org.testng.internal.Invoker.invokeConfigurationMethod(Invoker.java:451)at org.testng.internal.Invoker.invokeConfigurations(Invoker.java:222)at org.testng.internal.Invoker.invokeMethod(Invoker.java:634)at org.testng.internal.Invoker.invokeTestMethod(Invoker.java:707)at org.testng.internal.Invoker.invokeTestMethods(Invoker.java:979)at org.testng.internal.TestMethodWorker.invokeTestMethods(TestMethodWorker.java:125)at org.testng.internal.TestMethodWorker.run(TestMethodWorker.java:109)at org.testng.TestRunner.privateRun(TestRunner.java:648)at org.testng.TestRunner.run(TestRunner.java:505)at org.testng.SuiteRunner.runTest(SuiteRunner.java:455)at org.testng.SuiteRunner.runSequentially(SuiteRunner.java:450)at org.testng.SuiteRunner.privateRun(SuiteRunner.java:415)at org.testng.SuiteRunner.run(SuiteRunner.java:364)at org.testng.SuiteRunnerWorker.runSuite(SuiteRunnerWorker.java:52)at org.testng.SuiteRunnerWorker.run(SuiteRunnerWorker.java:84)at org.testng.TestNG.runSuitesSequentially(TestNG.java:1187)at org.testng.TestNG.runSuitesLocally(TestNG.java:1116)at org.testng.TestNG.runSuites(TestNG.java:1028)at org.testng.TestNG.run(TestNG.java:996)at org.testng.remote.AbstractRemoteTestNG.run(AbstractRemoteTestNG.java:114)at org.testng.remote.RemoteTestNG.initAndRun(RemoteTestNG.java:251)at org.testng.remote.RemoteTestNG.main(RemoteTestNG.java:77)]]>
    </error>
  </testcase> <!-- tearDown -->
</testsuite> <!-- com.vcentry.lab.testCases.CheckOutPageValidator -->
